<?xml version="1.0" encoding="UTF-8"?>
<!-- Generated by org.testng.reporters.JUnitReportReporter -->
<testsuite hostname="LAPTOP-QQ6V01DQ" failures="0" tests="9" name="package1.HomepageLinks" time="72.026" errors="0" timestamp="2023-06-12T22:23:27 CDT" skipped="0">
  <testcase classname="package1.HomepageLinks" name="Test4" time="10.847"/>
  <testcase classname="package1.HomepageLinks" name="Test8" time="6.174"/>
  <testcase classname="package1.HomepageLinks" name="Test1" time="9.100"/>
  <testcase classname="package1.HomepageLinks" name="Test5" time="11.027"/>
  <testcase classname="package1.HomepageLinks" name="Test7" time="7.187"/>
  <testcase classname="package1.HomepageLinks" name="Test2" time="8.665"/>
  <testcase classname="package1.HomepageLinks" name="Test9" time="5.188"/>
  <testcase classname="package1.HomepageLinks" name="Test3" time="7.462"/>
  <testcase classname="package1.HomepageLinks" name="Test6" time="6.376"/>
</testsuite> <!-- package1.HomepageLinks -->
