<?xml version="1.0" encoding="UTF-8"?>
<!-- Generated by org.testng.reporters.JUnitReportReporter -->
<testsuite hostname="LAPTOP-QQ6V01DQ" failures="0" tests="5" name="package1.day1" time="22.081" errors="0" timestamp="2023-06-12T10:55:05 CDT" skipped="0">
  <testcase classname="package1.day1" name="Test5" time="7.547"/>
  <testcase classname="package1.day1" name="Test1" time="4.406"/>
  <testcase classname="package1.day1" name="Test4" time="3.443"/>
  <testcase classname="package1.day1" name="Test2" time="3.043"/>
  <testcase classname="package1.day1" name="Test3" time="3.642"/>
</testsuite> <!-- package1.day1 -->
