<?xml version="1.0" encoding="UTF-8"?>
<!-- Generated by org.testng.reporters.JUnitReportReporter -->
<testsuite hostname="LAPTOP-QQ6V01DQ" failures="0" tests="2" name="SignUp.FirstTestNG" time="3.153" errors="0" timestamp="2023-06-11T14:12:13 CDT" skipped="0">
  <testcase classname="SignUp.FirstTestNG" name="Test2" time="2.905"/>
  <testcase classname="SignUp.FirstTestNG" name="Test1" time="0.248"/>
</testsuite> <!-- SignUp.FirstTestNG -->
