<?xml version="1.0" encoding="UTF-8"?>
<!-- Generated by org.testng.reporters.JUnitReportReporter -->
<testsuite hostname="LAPTOP-QQ6V01DQ" failures="0" tests="3" name="org.example.FirstTestNGTest" time="51.300" errors="0" timestamp="2023-05-19T16:09:01 CDT" skipped="0">
  <testcase classname="org.example.FirstTestNGTest" name="verifyLoginpage" time="18.603"/>
  <system-out/>
  <testcase classname="org.example.FirstTestNGTest" name="verifyHomepageTitle" time="11.350"/>
  <system-out/>
  <testcase classname="org.example.FirstTestNGTest" name="verifySigninpage" time="21.347"/>
  <system-out/>
</testsuite> <!-- org.example.FirstTestNGTest -->
